<?xml version="1.0" encoding="UTF-8" ?>
<testsuite tests="1" failures="1" name="subcommands.SearchSubCommandTest" time="2.212" errors="0" skipped="0">
  <properties>
[...]
</properties>
  <testcase classname="subcommands.SearchSubCommandTest" name="CommandLineInputTest" time="2.212">
    <failure message="expected:&lt;&quot;[SELECT * FROM fourteener_routes LEFT OUTER JOIN trailheads ON fourteener_routes.trailhead = trailheads.name WHERE fourteener_routes.fourteenerRouteId &gt;= 0                    ;
]&quot;&gt; but was:&lt;&quot;[]&quot;&gt;" type="org.junit.ComparisonFailure">org.junit.ComparisonFailure: expected:&lt;&quot;[SELECT * FROM fourteener_routes LEFT OUTER JOIN trailheads ON fourteener_routes.trailhead = trailheads.name WHERE fourteener_routes.fourteenerRouteId &gt;= 0                    ;
]&quot;&gt; but was:&lt;&quot;[]&quot;&gt;
	at java.base/jdk.internal.reflect.NativeConstructorAccessorImpl.newInstance0(Native Method)
	at java.base/jdk.internal.reflect.NativeConstructorAccessorImpl.newInstance(NativeConstructorAccessorImpl.java:78)
	at java.base/jdk.internal.reflect.DelegatingConstructorAccessorImpl.newInstance(DelegatingConstructorAccessorImpl.java:45)
	at java.base/java.lang.reflect.Constructor.newInstanceWithCaller(Constructor.java:499)
	at subcommands.SearchSubCommandTest.CommandLineInputTest(SearchSubCommandTest.java:113)
	at java.base/jdk.internal.reflect.NativeMethodAccessorImpl.invoke0(Native Method)
	at java.base/jdk.internal.reflect.NativeMethodAccessorImpl.invoke(NativeMethodAccessorImpl.java:78)
	at java.base/jdk.internal.reflect.DelegatingMethodAccessorImpl.invoke(DelegatingMethodAccessorImpl.java:43)
	at java.base/java.lang.reflect.Method.invoke(Method.java:567)
	at org.junit.runners.model.FrameworkMethod$1.runReflectiveCall(FrameworkMethod.java:59)
	at org.junit.internal.runners.model.ReflectiveCallable.run(ReflectiveCallable.java:12)
	at org.junit.runners.model.FrameworkMethod.invokeExplosively(FrameworkMethod.java:56)
	at org.junit.internal.runners.statements.InvokeMethod.evaluate(InvokeMethod.java:17)
	at org.junit.runners.ParentRunner$3.evaluate(ParentRunner.java:306)
	at org.junit.runners.BlockJUnit4ClassRunner$1.evaluate(BlockJUnit4ClassRunner.java:100)
	at org.junit.runners.ParentRunner.runLeaf(ParentRunner.java:366)
	at org.junit.runners.BlockJUnit4ClassRunner.runChild(BlockJUnit4ClassRunner.java:103)
	at org.junit.runners.BlockJUnit4ClassRunner.runChild(BlockJUnit4ClassRunner.java:63)
	at org.junit.runners.ParentRunner$4.run(ParentRunner.java:331)
	at org.junit.runners.ParentRunner$1.schedule(ParentRunner.java:79)
	at org.junit.runners.ParentRunner.runChildren(ParentRunner.java:329)
	at org.junit.runners.ParentRunner.access$100(ParentRunner.java:66)
	at org.junit.runners.ParentRunner$2.evaluate(ParentRunner.java:293)
	at org.junit.runners.ParentRunner$3.evaluate(ParentRunner.java:306)
	at org.junit.runners.ParentRunner.run(ParentRunner.java:413)
	at org.apache.maven.surefire.junit4.JUnit4Provider.execute(JUnit4Provider.java:252)
	at org.apache.maven.surefire.junit4.JUnit4Provider.executeTestSet(JUnit4Provider.java:141)
	at org.apache.maven.surefire.junit4.JUnit4Provider.invoke(JUnit4Provider.java:112)
	at java.base/jdk.internal.reflect.NativeMethodAccessorImpl.invoke0(Native Method)
	at java.base/jdk.internal.reflect.NativeMethodAccessorImpl.invoke(NativeMethodAccessorImpl.java:78)
	at java.base/jdk.internal.reflect.DelegatingMethodAccessorImpl.invoke(DelegatingMethodAccessorImpl.java:43)
	at java.base/java.lang.reflect.Method.invoke(Method.java:567)
	at org.apache.maven.surefire.util.ReflectionUtils.invokeMethodWithArray(ReflectionUtils.java:189)
	at org.apache.maven.surefire.booter.ProviderFactory$ProviderProxy.invoke(ProviderFactory.java:165)
	at org.apache.maven.surefire.booter.ProviderFactory.invokeProvider(ProviderFactory.java:85)
	at org.apache.maven.surefire.booter.ForkedBooter.runSuitesInProcess(ForkedBooter.java:115)
	at org.apache.maven.surefire.booter.ForkedBooter.main(ForkedBooter.java:75)
</failure>
    <system-out>Mountain Name         Route Name                         Grade  Total Gain  Route Length   Route URL                                         
Mt. Elbert            Northeast Ridge                    1      4700        9.500000       https://www.14ers.com/route.php?route=elbe1       
Mt. Elbert            East Ridge                         1      0           0.000000       https://www.14ers.com/route.php?route=elbe2       
Mt. Elbert            Southeast Ridge                    2      5300        11.000000      https://www.14ers.com/route.php?route=elbe3       
Mt. Elbert            Box Creek Couloirs                 2      4150        0.000000       https://www.14ers.com/route.php?route=elbe4       
Mt. Massive           East Slopes                        2      4500        14.500000      https://www.14ers.com/route.php?route=mass1       
Mt. Massive           Southwest Slopes                   2      3950        7.250000       https://www.14ers.com/route.php?route=mass2       
Mt. Massive           East Ridge                         2      5000        14.000000      https://www.14ers.com/route.php?route=mass3       
Mt. Harvard           South Slopes                       2      4600        14.000000      https://www.14ers.com/route.php?route=harv1       
Mt. Columbia          West Slopes                        2      4250        12.000000      https://www.14ers.com/route.php?route=colu2       
Mt. Harvard           South Face                         2      4600        14.000000      https://www.14ers.com/route.php?route=harv3       
Combination Route     Harvard and Columbia Traverse      2      0           0.000000       https://www.14ers.com/route.php?route=harv4       
Mt. Columbia          Southeast Ridge                    2      4800        12.000000      https://www.14ers.com/route.php?route=colu5       
Mt. Columbia          Southwest Couloir                  2      0           0.000000       https://www.14ers.com/route.php?route=colu6       
Approach Route        Lake Como Approach                 1      3900        11.000000      https://www.14ers.com/route.php?route=como0       
Blanca Peak           Northwest Ridge                    2      0           0.000000       https://www.14ers.com/route.php?route=blan1       
Ellingwood Point      South Face                         2      0           0.000000       https://www.14ers.com/route.php?route=elli2       
Little Bear Peak      West Ridge and Southwest Face      4      0           0.000000       https://www.14ers.com/route.php?route=litt6       
Combination Route     Blanca and Ellingwood              3      0           0.000000       https://www.14ers.com/route.php?route=elli3       
Ellingwood Point      Southwest Ridge                    3      2200        15.000000      https://www.14ers.com/route.php?route=elli4       
Ellingwood Point      North Ridge via South Zapata Creek 3      0           0.000000       https://www.14ers.com/route.php?route=elli5       
La Plata Peak         Northwest Ridge                    2      4500        9.250000       https://www.14ers.com/route.php?route=lapl1       
La Plata Peak         Southwest Ridge                    2      3380        7.000000       https://www.14ers.com/route.php?route=lapl2       
La Plata Peak         Ellingwood Ridge                   3      5900        9.500000       https://www.14ers.com/route.php?route=lapl3       
La Plata Peak         North Face                         2      4500        8.750000       https://www.14ers.com/route.php?route=lapl4       
Uncompahgre Peak      South Ridge                        2      0           0.000000       https://www.14ers.com/route.php?route=unco1       
Crestone Peak         South Face                         3      0           0.000000       https://www.14ers.com/route.php?route=cpea2       
Crestone Needle       South Face                         3      0           0.000000       https://www.14ers.com/route.php?route=cnee1       
Humboldt Peak         West Ridge                         2      0           0.000000       https://www.14ers.com/route.php?route=humb1       
Combination Route     Crestones Traverse                 5      0           0.000000       https://www.14ers.com/route.php?route=cnee3       
Crestone Needle       Ellingwood Arete/Ledges            5      4400        11.250000      https://www.14ers.com/route.php?route=cnee5       
Humboldt Peak         East Ridge                         2      0           0.000000       https://www.14ers.com/route.php?route=humb2       
Humboldt Peak         Southeast Gully                    2      0           0.000000       https://www.14ers.com/route.php?route=humb3       
Mt. Lincoln           West Ridge                         2      2600        6.000000       https://www.14ers.com/route.php?route=linc1       
Mt. Cameron           West Ridge                         2      2250        4.750000       https://www.14ers.com/route.php?route=came1       
Mt. Bross             West Slopes                        2      2250        3.250000       https://www.14ers.com/route.php?route=bros2       
Combination Route     Democrat, Cameron, Lincoln, Bross  2      3700        7.500000       https://www.14ers.com/route.php?route=bros6       
Mt. Democrat          East Slope                         2      2150        4.000000       https://www.14ers.com/route.php?route=demo1       
Mt. Lincoln           Lincoln Amphitheatre               2      3400        4.750000       https://www.14ers.com/route.php?route=linc2       
Mt. Lincoln           East Slopes                        2      2650        6.500000       https://www.14ers.com/route.php?route=linc3       
Mt. Bross             East Slopes from Mineral Park      1      2900        9.000000       https://www.14ers.com/route.php?route=bros1       
Mt. Bross             &quot;S Gully&quot;                          2      0           0.000000       https://www.14ers.com/route.php?route=bros3       
Mt. Bross             &quot;Dolly Varden Gully&quot;               2      2900        4.000000       https://www.14ers.com/route.php?route=bros4       
Mt. Bross             East Slopes from Moose Creek       2      3100        5.000000       https://www.14ers.com/route.php?route=bros5       
Mt. Democrat          South Slope                        2      2150        2.500000       https://www.14ers.com/route.php?route=demo2       
Grays Peak            North Slopes                       1      3000        7.500000       https://www.14ers.com/route.php?route=gray1       
Combination Route     Grays and Torreys                  2      3600        8.250000       https://www.14ers.com/route.php?route=torr5       
Torreys Peak          South Slopes                       2      3000        7.750000       https://www.14ers.com/route.php?route=torr2       
Grays Peak            South Ridge                        2      3250        7.000000       https://www.14ers.com/route.php?route=gray3       
Grays Peak            Lost Rat Couloir                   3      3000        6.500000       https://www.14ers.com/route.php?route=gray6       
Grays Peak            Southwest Ridge                    2      3800        10.250000      https://www.14ers.com/route.php?route=gray8       
Torreys Peak          Kelso Ridge                        3      3100        6.750000       https://www.14ers.com/route.php?route=torr4       
Torreys Peak          Dead Dog Couloir                   3      3000        6.500000       https://www.14ers.com/route.php?route=torr7       
Torreys Peak          NW Face/Tuning Fork                2      0           0.000000       https://www.14ers.com/route.php?route=torr9       
Torreys Peak          Emperor Couloir                    3      0           0.000000       https://www.14ers.com/route.php?route=torr10      
Torreys Peak          West Ridge                         2      5500        10.000000      https://www.14ers.com/route.php?route=torr11      
Mt. Antero            West Slopes                        2      0           0.000000       https://www.14ers.com/route.php?route=ante1       
Castle Peak           Northeast Ridge                    2      0           0.000000       https://www.14ers.com/route.php?route=cast1       
Combination Route     Castle and Conundrum               2      0           0.000000       https://www.14ers.com/route.php?route=cast4       
Conundrum Peak        South Ridge                        2      0           0.000000       https://www.14ers.com/route.php?route=conu1       
Castle Peak           Northwest Ridge                    2      0           0.000000       https://www.14ers.com/route.php?route=cast2       
Castle Peak           North Face Couloir                 2      0           0.000000       https://www.14ers.com/route.php?route=cast3       
Conundrum Peak        Conundrum Couloir                  3      0           0.000000       https://www.14ers.com/route.php?route=conu5       
Quandary Peak         East Ridge                         1      3450        6.750000       https://www.14ers.com/route.php?route=quan1       
Quandary Peak         South Gully aka Cristo Couloir     2      2575        2.000000       https://www.14ers.com/route.php?route=quan2       
Quandary Peak         West Ridge                         3      2650        0.000000       https://www.14ers.com/route.php?route=quan3       
Quandary Peak         North Gully aka Quandary Couloir   3      3250        5.250000       https://www.14ers.com/route.php?route=quan4       
Mt. Evans             West Ridge from Summit Lake        2      2000        5.500000       https://www.14ers.com/route.php?route=evan2       
Mt. Bierstadt         West Slopes                        2      2850        7.000000       https://www.14ers.com/route.php?route=bier1       
Combination Route     Bierstadt, Sawtooth, Evans         3      3900        10.250000      https://www.14ers.com/route.php?route=bier4       
Mt. Evans             West Ridge from Echo Lake          2      5600        17.000000      https://www.14ers.com/route.php?route=evan1       
Mt. Evans             West Ridge from Guanella Pass      2      3100        9.250000       https://www.14ers.com/route.php?route=evan3       
Mt. Evans             West Gully                         3      1650        5.250000       https://www.14ers.com/route.php?route=evan4       
Mt. Evans             North Face Moderate                3      1500        2.000000       https://www.14ers.com/route.php?route=evan7       
Mt. Evans             North Face Steep                   3      1500        2.000000       https://www.14ers.com/route.php?route=evan8       
Mt. Bierstadt         East Ridge                         3      3000        5.000000       https://www.14ers.com/route.php?route=bier3       
Longs Peak            Keyhole Route                      3      5100        14.500000      https://www.14ers.com/route.php?route=long1       
Longs Peak            Loft Route                         3      5300        13.000000      https://www.14ers.com/route.php?route=long2       
Longs Peak            Keplinger&apos;s Couloir                3      5900        16.000000      https://www.14ers.com/route.php?route=long5       
Approach Route        Kilpacker Approach                 1      800         0.000000       https://www.14ers.com/route.php?route=kilp0       
Approach Route        Navajo Lake Approach               1      18999       0.000000       https://www.14ers.com/route.php?route=nava0       
Approach Route        Woods Lake Approach                1      2115        9.000000       https://www.14ers.com/route.php?route=wood0       
Approach Route        Rock of Ages Approach              1      2800        8.250000       https://www.14ers.com/route.php?route=silv0       
Mt. Wilson            North Slopes                       4      0           0.000000       https://www.14ers.com/route.php?route=mwil2       
El Diente Peak        North Slopes                       3      0           0.000000       https://www.14ers.com/route.php?route=eldi3       
Wilson Peak           Southwest Ridge                    3      0           0.000000       https://www.14ers.com/route.php?route=wils1       
Combination Route     Mt. Wilson and El Diente Traverse  4      49922       1.000000       https://www.14ers.com/route.php?route=mwil5       
Mt. Wilson            Southwest Slopes                   3      4400        12.500000      https://www.14ers.com/route.php?route=mwil6       
Mt. Wilson            East Face                          3      4900        12.000000      https://www.14ers.com/route.php?route=mwil7       
El Diente Peak        South Slopes                       3      4300        12.000000      https://www.14ers.com/route.php?route=eldi4       
El Diente Peak        North Buttress                     4      0           0.000000       https://www.14ers.com/route.php?route=eldi8       
Mt. Shavano           East Slopes                        2      4600        9.000000       https://www.14ers.com/route.php?route=shav1       
Tabeguache Peak       Via Mt. Shavano                    2      5600        11.000000      https://www.14ers.com/route.php?route=tabe2       
Mt. Shavano           Angel of Shavano                   2      4600        7.500000       https://www.14ers.com/route.php?route=shav4       
Tabeguache Peak       West Ridge                         2      4000        8.000000       https://www.14ers.com/route.php?route=tabe3w      
Mt. Princeton         East Slopes                        2      0           0.000000       https://www.14ers.com/route.php?route=prin1       
Mt. Belford           Northwest Ridge                    2      4500        8.000000       https://www.14ers.com/route.php?route=belf1       
Mt. Oxford            Via Mt. Belford                    2      5800        0.000000       https://www.14ers.com/route.php?route=oxfo2       
Missouri Mountain     Northwest Ridge                    2      4500        10.500000      https://www.14ers.com/route.php?route=miss1       
Mt. Belford           Northwest Gully                    2      4500        7.250000       https://www.14ers.com/route.php?route=belf8       
Mt. Belford           Southwest Slopes                   2      4500        11.000000      https://www.14ers.com/route.php?route=belf9       
Missouri Mountain     West Ridge                         2      0           0.000000       https://www.14ers.com/route.php?route=miss2       
Missouri Mountain     North Face Couloirs                2      4500        9.000000       https://www.14ers.com/route.php?route=miss3       
Mt. Yale              Southwest Slopes                   2      4300        9.500000       https://www.14ers.com/route.php?route=yale1       
Mt. Yale              East Ridge                         2      5000        10.500000      https://www.14ers.com/route.php?route=yale2       
Approach Route        Willow Creek Approach              1      2850        9.500000       https://www.14ers.com/route.php?route=will0       
Kit Carson Peak       Via Challenger Point               3      0           0.000000       https://www.14ers.com/route.php?route=kitc2       
Challenger Point      North Slope                        2      0           0.000000       https://www.14ers.com/route.php?route=chal1       
Kit Carson Peak       East Ridge                         3      0           0.000000       https://www.14ers.com/route.php?route=kitc3       
Kit Carson Peak       North Ridge                        4      5315        11.400000      https://www.14ers.com/route.php?route=kitc4       
Kit Carson Peak       Outward Bound Couloir              3      5500        13.750000      https://www.14ers.com/route.php?route=kitc6       
Challenger Point      Kirk Couloir                       3      5400        12.750000      https://www.14ers.com/route.php?route=chal5       
Maroon Peak           South Ridge                        3      4800        12.000000      https://www.14ers.com/route.php?route=maro1       
Pyramid Peak          Northeast Ridge                    4      4500        8.250000       https://www.14ers.com/route.php?route=pyra1       
North Maroon Peak     Northeast Ridge                    4      4500        9.250000       https://www.14ers.com/route.php?route=nmar2       
Maroon Peak           Bell Cord Couloir                  4      4556        8.000000       https://www.14ers.com/route.php?route=maro3       
Combination Route     Bells Traverse                     5      4850        9.500000       https://www.14ers.com/route.php?route=nmar4       
Mt. Sneffels          South Slopes                       3      0           0.000000       https://www.14ers.com/route.php?route=snef1       
Mt. Sneffels          Southwest Ridge                    3      0           0.000000       https://www.14ers.com/route.php?route=snef2       
Capitol Peak          Northeast Ridge                    4      5300        17.000000      https://www.14ers.com/route.php?route=capi1       
Pikes Peak            East Slopes                        1      7600        24.000000      https://www.14ers.com/route.php?route=pikeeast    
Pikes Peak            Northwest Slopes                   2      4300        14.000000      https://www.14ers.com/route.php?route=pike1       
Snowmass Mountain     East Slopes                        3      5800        22.000000      https://www.14ers.com/route.php?route=snow1       
Snowmass Mountain     West Slope                         3      4500        9.000000       https://www.14ers.com/route.php?route=snow2       
Approach Route        Chicago Basin Approach             1      2800        12.000000      https://www.14ers.com/route.php?route=chib1       
Mt. Eolus             Northeast Ridge                    3      0           0.000000       https://www.14ers.com/route.php?route=eolu3       
Windom Peak           West Ridge                         2      0           0.000000       https://www.14ers.com/route.php?route=wind1       
Sunlight Peak         South Face                         4      0           0.000000       https://www.14ers.com/route.php?route=sunl2       
North Eolus           South Ridge                        3      0           0.000000       https://www.14ers.com/route.php?route=neol4       
Handies Peak          Southwest Slopes                   1      0           0.000000       https://www.14ers.com/route.php?route=hand1       
Handies Peak          East Slopes                        2      3650        8.000000       https://www.14ers.com/route.php?route=hand2       
Handies Peak          West Slopes                        2      0           0.000000       https://www.14ers.com/route.php?route=hand3       
Culebra Peak          Northwest Ridge                    2      0           0.000000       https://www.14ers.com/route.php?route=cule1       
Mt. Lindsey           Northwest Gully                    3      3500        8.250000       https://www.14ers.com/route.php?route=lind1       
Mt. Lindsey           Northwest Ridge                    3      3500        8.250000       https://www.14ers.com/route.php?route=lind2       
Mt. Lindsey           North Couloir                      2      0           8.750000       https://www.14ers.com/route.php?route=lind3       
Mt. Sherman           Southwest Ridge                    2      0           0.000000       https://www.14ers.com/route.php?route=sher1       
Mt. Sherman           West Slopes from Iowa Gulch        2      2150        4.500000       https://www.14ers.com/route.php?route=sher2       
Mt. Sherman           South Slope                        2      3100        8.500000       https://www.14ers.com/route.php?route=sher3       
Redcloud Peak         Northeast Ridge                    2      3700        9.000000       https://www.14ers.com/route.php?route=redc1       
Sunshine Peak         Via Redcloud Peak                  2      4800        12.250000      https://www.14ers.com/route.php?route=suns2       
Sunshine Peak         Northwest Face                     2      3800        8.500000       https://www.14ers.com/route.php?route=suns3       
Sunshine Peak         East Ridge                         2      4600        7.000000       https://www.14ers.com/route.php?route=suns4       
Wetterhorn Peak       Southeast Ridge                    3      3300        7.000000       https://www.14ers.com/route.php?route=wett1       
Wetterhorn Peak       East Face                          3      3300        6.500000       https://www.14ers.com/route.php?route=wett2       
San Luis Peak         Northeast Ridge                    1      3600        13.500000      https://www.14ers.com/route.php?route=sanl1       
San Luis Peak         South Ridge                        1      3400        11.250000      https://www.14ers.com/route.php?route=sanl2       
Mt. of the Holy Cross North Ridge                        2      5600        12.000000      https://www.14ers.com/route.php?route=holy1       
Mt. of the Holy Cross Cross Couloir                      3      5600        12.250000      https://www.14ers.com/route.php?route=holy2       
Mt. of the Holy Cross Halo Ridge                         2      5210        15.000000      https://www.14ers.com/route.php?route=holy3       
Huron Peak            Northwest Slopes                   2      0           0.000000       https://www.14ers.com/route.php?route=huro1       
Huron Peak            Southwest Slopes                   2      0           0.000000       https://www.14ers.com/route.php?route=huro2       
Huron Peak            North Ridge from Lulu Gulch        2      3980        8.400000       https://www.14ers.com/route.php?route=huro4       
Mountain Name         Route Name                         Grade  Total Gain  Route Length   Route URL                                         
Mt. Elbert            Northeast Ridge                    1      4700        9.500000       https://www.14ers.com/route.php?route=elbe1       
Mt. Elbert            East Ridge                         1      0           0.000000       https://www.14ers.com/route.php?route=elbe2       
Mt. Elbert            Southeast Ridge                    2      5300        11.000000      https://www.14ers.com/route.php?route=elbe3       
Mt. Elbert            Box Creek Couloirs                 2      4150        0.000000       https://www.14ers.com/route.php?route=elbe4       
Mt. Antero            West Slopes                        2      0           0.000000       https://www.14ers.com/route.php?route=ante1       
Longs Peak            Keyhole Route                      3      5100        14.500000      https://www.14ers.com/route.php?route=long1       
Longs Peak            Loft Route                         3      5300        13.000000      https://www.14ers.com/route.php?route=long2       
Longs Peak            Keplinger&apos;s Couloir                3      5900        16.000000      https://www.14ers.com/route.php?route=long5       
Mountain Name         Route Name                         Grade  Total Gain  Route Length   Route URL                                         
Mt. Elbert            Northeast Ridge                    1      4700        9.500000       https://www.14ers.com/route.php?route=elbe1       
Mt. Antero            West Slopes                        2      0           0.000000       https://www.14ers.com/route.php?route=ante1       
Longs Peak            Keyhole Route                      3      5100        14.500000      https://www.14ers.com/route.php?route=long1       
Mountain Name         Route Name                         Standard Roue  Grade  Total Gain  Route Length   Route URL                                         
Longs Peak            Keyhole Route                      1              3      5100        14.500000      https://www.14ers.com/route.php?route=long1       
Mountain Name         Route Name                         Snow Route     Standard Roue  Grade  Total Gain  Route Length   Route URL                                         
Mountain Name         Route Name                         Snow Route     Standard Roue  Start Elevation     Summit Elevation    Grade  Total Gain  Route Length   Route URL                                         
Mountain Name         Route Name                         Snow Route     Standard Roue  Start Elevation     Summit Elevation    Exposure     Rockfall PotentialRoute Finding  Commitment   Grade  Total Gain  Route Length   Route URL                                         
Mountain Name         Route Name                         Snow Route     Standard Roue  Grade Quality    Start Elevation     Summit Elevation    Exposure     Rockfall PotentialRoute Finding  Commitment   Grade  Total Gain  Route Length   Route URL                                         
Mountain Name         Route Name                         Snow Route     Standard Roue  Grade Quality    Start Elevation     Summit Elevation    Exposure     Rockfall PotentialRoute Finding  Commitment   Grade  Total Gain  Route Length   Route URL                                         
Mountain Name         Route Name                         Snow Route     Standard Roue  Grade Quality    Start Elevation     Summit Elevation    Exposure     Rockfall PotentialRoute Finding  Commitment   Grade  Total Gain  Route Length   Route URL                                         
</system-out>
  </testcase>
</testsuite>